Arguments: 
  C:\Program Files\nodejs\node.exe C:\Users\yossi\AppData\Roaming\npm\node_modules\yarn\bin\yarn.js add axios

PATH: 
  C:\Program Files (x86)\Common Files\Oracle\Java\javapath;C:\Program Files (x86)\Intel\Intel(R) Management Engine Components\iCLS\;C:\Program Files\Intel\Intel(R) Management Engine Components\iCLS\;C:\Windows\system32;C:\Windows;C:\Windows\System32\Wbem;C:\Windows\System32\WindowsPowerShell\v1.0\;C:\Program Files (x86)\Intel\Intel(R) Management Engine Components\DAL;C:\Program Files\Intel\Intel(R) Management Engine Components\DAL;C:\Program Files (x86)\Intel\Intel(R) Management Engine Components\IPT;C:\Program Files\Intel\Intel(R) Management Engine Components\IPT;C:\Program Files\nodejs\;C:\Program Files\Git\cmd;C:\Users\yossi\AppData\Local\Android\Sdk;C:\Users\yossi\AppData\Local\Android\Sdk\platform-tools;C:\Program Files\Java\jdk1.8.0_171\bin;C:\Program Files (x86)\GnuWin32\bin;C:\Users\yossi\AppData\Local\Microsoft\WindowsApps;C:\Users\yossi\AppData\Local\atom\bin;C:\Users\yossi\AppData\Roaming\npm;C:\Program Files\heroku\bin

Yarn version: 
  1.9.4

Node version: 
  8.11.1

Platform: 
  win32 x64

Trace: 
  Error: EPERM: operation not permitted, unlink 'C:\esites-native\quiz\node_modules\deep-extend\lib'

npm manifest: 
  {
    "name": "my-new-project",
    "main": "node_modules/expo/AppEntry.js",
    "private": true,
    "scripts": {
      "start": "expo start",
      "android": "expo start --android",
      "ios": "expo start --ios",
      "eject": "expo eject",
      "test": "node ./node_modules/jest/bin/jest.js --watchAll"
    },
    "jest": {
      "preset": "jest-expo"
    },
    "dependencies": {
      "@expo/samples": "2.1.1",
      "expo": "^30.0.1",
      "react": "16.3.1",
      "react-native": "https://github.com/expo/react-native/archive/sdk-30.0.0.tar.gz",
      "react-navigation": "^2.16.0"
    },
    "devDependencies": {
      "jest-expo": "30.0.0"
    }
  }

yarn manifest: 
  No manifest

Lockfile: 
  No lockfile
